build/app/outputs/mapping/release/mapping.txt
# compiler: R8
# compiler_version: 2.1.62
# min_api: 21
# pg_map_id: 8343731
# common_typos_disable
...
androidx.media.app.NotificationCompat$MediaStyle -> androidx.media.d.a:
    android.app.PendingIntent mCancelButtonIntent -> h
    android.support.v4.media.session.MediaSessionCompat$Token mToken -> f
    int[] mActionsToShowInCompact -> e
    boolean mShowCancelButton -> g
    void apply(androidx.core.app.NotificationBuilderWithBuilderAccessor) -> b
    android.widget.RemoteViews makeBigContentView(androidx.core.app.NotificationBuilderWithBuilderAccessor) -> i
    android.widget.RemoteViews makeContentView(androidx.core.app.NotificationBuilderWithBuilderAccessor) -> j
    android.app.Notification$MediaStyle fillInMediaStyle(android.app.Notification$MediaStyle) -> m
    android.widget.RemoteViews generateBigContentView() -> n
    android.widget.RemoteViews generateContentView() -> o
    android.widget.RemoteViews generateMediaActionButton(androidx.core.app.NotificationCompat$Action) -> p
    int getBigContentViewLayoutResource(int) -> q
    int getContentViewLayoutResource() -> r
androidx.recyclerview.R$attr -> e.q.a:
    int recyclerViewStyle -> a
androidx.recyclerview.R$dimen -> e.q.b:
    int item_touch_helper_swipe_escape_velocity -> f
    int item_touch_helper_max_drag_scroll_per_frame -> d
    int item_touch_helper_swipe_escape_max_velocity -> e
    int fastscroll_margin -> b
    int fastscroll_minimum_range -> c
    int fastscroll_default_thickness -> a
androidx.recyclerview.R$id -> e.q.c:
    int item_touch_helper_previous_elevation -> a
androidx.recyclerview.R$styleable -> e.q.d:
    int RecyclerView_spanCount -> l
    int RecyclerView_stackFromEnd -> m
    int RecyclerView_layoutManager -> j
    int RecyclerView_reverseLayout -> k
    int RecyclerView_fastScrollVerticalThumbDrawable -> h
    int RecyclerView_fastScrollVerticalTrackDrawable -> i
    int RecyclerView_fastScrollHorizontalThumbDrawable -> f
    int RecyclerView_fastScrollHorizontalTrackDrawable -> g
    int RecyclerView_android_descendantFocusability -> d
    int[] RecyclerView -> a
    int RecyclerView_fastScrollEnabled -> e
    int RecyclerView_android_orientation -> b
    int RecyclerView_android_clipToPadding -> c
androidx.recyclerview.widget.AdapterHelper -> androidx.recyclerview.widget.a:
    java.lang.Runnable mOnItemProcessedCallback -> e
    int mExistingUpdateTypes -> h
    androidx.recyclerview.widget.AdapterHelper$Callback mCallback -> d
    boolean mDisableRecycler -> f
    androidx.core.util.Pools$Pool mUpdateOpPool -> a
    androidx.recyclerview.widget.OpReorderer mOpReorderer -> g
    java.util.ArrayList mPostponedList -> c
    java.util.ArrayList mPendingUpdates -> b
    void recycleUpdateOp(androidx.recyclerview.widget.AdapterHelper$UpdateOp) -> a
    androidx.recyclerview.widget.AdapterHelper$UpdateOp obtainUpdateOp(int,int,int,java.lang.Object) -> b
    void applyAdd(androidx.recyclerview.widget.AdapterHelper$UpdateOp) -> c
    void applyMove(androidx.recyclerview.widget.AdapterHelper$UpdateOp) -> d
    int applyPendingUpdatesToPosition(int) -> e
    void applyRemove(androidx.recyclerview.widget.AdapterHelper$UpdateOp) -> f
    void applyUpdate(androidx.recyclerview.widget.AdapterHelper$UpdateOp) -> g
    boolean canFindInPreLayout(int) -> h
    void consumePostponedUpdates() -> i
    void consumeUpdatesInOnePass() -> j
    void dispatchAndUpdateViewHolders(androidx.recyclerview.widget.AdapterHelper$UpdateOp) -> k
    void dispatchFirstPassAndUpdateViewHolders(androidx.recyclerview.widget.AdapterHelper$UpdateOp,int) -> l
    int findPositionOffset(int) -> m
    int findPositionOffset(int,int) -> n
    boolean hasAnyUpdateTypes(int) -> o