build/app/outputs/mapping/release/usage.txt
com.optic.flutter_delivery_udemy.R$anim
com.optic.flutter_delivery_udemy.R
com.optic.flutter_delivery_udemy.R$raw
com.optic.flutter_delivery_udemy.R$color
com.optic.flutter_delivery_udemy.R$drawable
com.optic.flutter_delivery_udemy.R$xml
com.optic.flutter_delivery_udemy.BuildConfig
com.optic.flutter_delivery_udemy.R$id
com.optic.flutter_delivery_udemy.R$styleable
com.optic.flutter_delivery_udemy.R$plurals
com.optic.flutter_delivery_udemy.R$attr
com.optic.flutter_delivery_udemy.R$menu
com.optic.flutter_delivery_udemy.R$animator
com.optic.flutter_delivery_udemy.R$style
com.optic.flutter_delivery_udemy.R$mipmap
com.optic.flutter_delivery_udemy.R$bool
com.optic.flutter_delivery_udemy.R$dimen
com.optic.flutter_delivery_udemy.R$integer
com.optic.flutter_delivery_udemy.R$layout
com.optic.flutter_delivery_udemy.R$string
com.optic.flutter_delivery_udemy.R$interpolator
...
com.google.android.gms.common.stats.LoggingConstants
androidx.core.telephony.TelephonyManagerCompat$Api23Impl
kotlinx.coroutines.AwaitAll$AwaitAllNode
com.google.android.material.transition.platform.FadeThroughProvider$1
org.bouncycastle.pqc.crypto.gmss.GMSSKeyGenerationParameters
kotlinx.coroutines.flow.FlowKt__TransformKt$mapNotNull$$inlined$unsafeTransform$1$1
androidx.loader.R$styleable
androidx.appcompat.app.AppCompatViewInflater:
    private static final java.lang.String LOG_TAG
com.google.android.material.tabs.TabLayout$SlidingTabIndicator$1
com.google.android.gms.location.zzb
androidx.activity.result.contract.ActivityResultContracts$TakePicture
kotlin.jvm.internal.FunInterfaceConstructorReference
org.bouncycastle.crypto.params.GOST3410Parameters:
    public org.bouncycastle.crypto.params.GOST3410ValidationParameters getValidationParameters()
org.bouncycastle.crypto.params.DSAParameterGenerationParameters:
    public static final int DIGITAL_SIGNATURE_USAGE
    public static final int KEY_ESTABLISHMENT_USAGE
com.google.firebase.R$attr
android.support.v4.os.ResultReceiver:
    public void <init>(android.os.Handler)
    public void send(int,android.os.Bundle)
org.bouncycastle.asn1.est.CsrAttrs
kotlinx.coroutines.debug.internal.DebugProbesImpl$CoroutineOwner
androidx.core.graphics.drawable.RoundedBitmapDrawableFactory
org.bouncycastle.jcajce.spec.KTSParameterSpec$1
com.google.android.material.transition.platform.MaterialFade
org.bouncycastle.math.ec.custom.sec.SecT163FieldElement:
    public java.lang.String getFieldName()
    public org.bouncycastle.math.ec.ECFieldElement squareMinusProduct(org.bouncycastle.math.ec.ECFieldElement,org.bouncycastle.math.ec.ECFieldElement)
    public int getRepresentation()
    public int getM()
    public int getK1()
    public int getK2()
    public int getK3()
androidx.appcompat.widget.ActionBarContextView:
    public boolean hideOverflowMenu()
    public boolean isOverflowMenuShowing()
    public synthetic bridge void dismissPopupMenus()
    public synthetic bridge boolean canShowOverflowMenu()
    public synthetic bridge boolean isOverflowReserved()
    public synthetic bridge boolean isOverflowMenuShowPending()
    public synthetic bridge void postShowOverflowMenu()
    public synthetic bridge void animateToVisibility(int)
io.flutter.plugins.sharedpreferences.R$id
com.google.android.material.datepicker.DateValidatorPointBackward$1
com.google.android.gms.maps.OnStreetViewPanoramaReadyCallback
kotlinx.coroutines.flow.FlowKt__MergeKt$flatMapMerge$$inlined$map$1$2
com.google.gson.internal.LinkedHashTreeMap$KeySet
kotlin.sequences.FilteringSequence
org.bouncycastle.asn1.crmf.EncryptedKey
androidx.appcompat.R$integer
kotlinx.coroutines.flow.FlowKt__ContextKt
io.flutter.embedding.engine.FlutterEngineConnectionRegistry$FlutterEngineActivityPluginBinding:
    public void removeOnNewIntentListener(io.flutter.plugin.common.PluginRegistry$NewIntentListener)
    public void removeOnUserLeaveHintListener(io.flutter.plugin.common.PluginRegistry$UserLeaveHintListener)
    public void addOnSaveStateListener(io.flutter.embedding.engine.plugins.activity.ActivityPluginBinding$OnSaveInstanceStateListener)
    public void removeOnSaveStateListener(io.flutter.embedding.engine.plugins.activity.ActivityPluginBinding$OnSaveInstanceStateListener)
androidx.constraintlayout.motion.widget.KeyCycleOscillator$TranslationZset
com.google.firebase.messaging.R$attr
com.google.android.gms.common.data.DataHolder$Builder
androidx.core.os.ParcelableCompatCreatorCallbacks
com.google.firebase.messaging.RemoteMessage:
    public java.lang.String getSenderId()
    public byte[] getRawData()
    public int getPriority()
    public android.content.Intent toIntent()
    public static final int PRIORITY_UNKNOWN
    public static final int PRIORITY_HIGH
    public static final int PRIORITY_NORMAL
kotlinx.coroutines.flow.FlowKt__TransformKt$onEach$$inlined$unsafeTransform$1$2